Performing C++ SOURCE FILE Test MISSING_OSTREAM_NULLPTR_OPERATOR failed with the following output:
Change Dir: /home/fallen/Desktop/CSE-322/build/CMakeFiles/CMakeTmp

Run Build Command(s):/usr/bin/gmake cmTC_4539e/fast && /usr/bin/gmake  -f CMakeFiles/cmTC_4539e.dir/build.make CMakeFiles/cmTC_4539e.dir/build
gmake[1]: Entering directory '/home/fallen/Desktop/CSE-322/build/CMakeFiles/CMakeTmp'
Building CXX object CMakeFiles/cmTC_4539e.dir/src.cxx.o
/usr/bin/c++   -DMISSING_OSTREAM_NULLPTR_OPERATOR -fPIE -std=c++17 -o CMakeFiles/cmTC_4539e.dir/src.cxx.o -c /home/fallen/Desktop/CSE-322/build/CMakeFiles/CMakeTmp/src.cxx
/home/fallen/Desktop/CSE-322/build/CMakeFiles/CMakeTmp/src.cxx: In function ‘int main()’:
/home/fallen/Desktop/CSE-322/build/CMakeFiles/CMakeTmp/src.cxx:11:12: error: ambiguous overload for ‘operator<<’ (operand types are ‘std::ostream’ {aka ‘std::basic_ostream<char>’} and ‘std::nullptr_t’)
   11 |         os << std::nullptr_t();
In file included from /usr/include/c++/10/iostream:39,
                 from /home/fallen/Desktop/CSE-322/build/CMakeFiles/CMakeTmp/src.cxx:2:
/usr/include/c++/10/ostream:108:7: note: candidate: ‘std::basic_ostream<_CharT, _Traits>::__ostream_type& std::basic_ostream<_CharT, _Traits>::operator<<(std::basic_ostream<_CharT, _Traits>::__ostream_type& (*)(std::basic_ostream<_CharT, _Traits>::__ostream_type&)) [with _CharT = char; _Traits = std::char_traits<char>; std::basic_ostream<_CharT, _Traits>::__ostream_type = std::basic_ostream<char>]’
  108 |       operator<<(__ostream_type& (*__pf)(__ostream_type&))
      |       ^~~~~~~~
/usr/include/c++/10/ostream:117:7: note: candidate: ‘std::basic_ostream<_CharT, _Traits>::__ostream_type& std::basic_ostream<_CharT, _Traits>::operator<<(std::basic_ostream<_CharT, _Traits>::__ios_type& (*)(std::basic_ostream<_CharT, _Traits>::__ios_type&)) [with _CharT = char; _Traits = std::char_traits<char>; std::basic_ostream<_CharT, _Traits>::__ostream_type = std::basic_ostream<char>; std::basic_ostream<_CharT, _Traits>::__ios_type = std::basic_ios<char>]’
  117 |       operator<<(__ios_type& (*__pf)(__ios_type&))
      |       ^~~~~~~~
/usr/include/c++/10/ostream:127:7: note: candidate: ‘std::basic_ostream<_CharT, _Traits>::__ostream_type& std::basic_ostream<_CharT, _Traits>::operator<<(std::ios_base& (*)(std::ios_base&)) [with _CharT = char; _Traits = std::char_traits<char>; std::basic_ostream<_CharT, _Traits>::__ostream_type = std::basic_ostream<char>]’
  127 |       operator<<(ios_base& (*__pf) (ios_base&))
      |       ^~~~~~~~
/usr/include/c++/10/ostream:245:7: note: candidate: ‘std::basic_ostream<_CharT, _Traits>::__ostream_type& std::basic_ostream<_CharT, _Traits>::operator<<(const void*) [with _CharT = char; _Traits = std::char_traits<char>; std::basic_ostream<_CharT, _Traits>::__ostream_type = std::basic_ostream<char>]’
  245 |       operator<<(const void* __p)
      |       ^~~~~~~~
/usr/include/c++/10/ostream:250:7: note: candidate: ‘std::basic_ostream<_CharT, _Traits>::__ostream_type& std::basic_ostream<_CharT, _Traits>::operator<<(std::nullptr_t) [with _CharT = char; _Traits = std::char_traits<char>; std::basic_ostream<_CharT, _Traits>::__ostream_type = std::basic_ostream<char>; std::nullptr_t = std::nullptr_t]’
  250 |       operator<<(nullptr_t)
      |       ^~~~~~~~
In file included from /usr/include/c++/10/ostream:784,
                 from /usr/include/c++/10/iostream:39,
                 from /home/fallen/Desktop/CSE-322/build/CMakeFiles/CMakeTmp/src.cxx:2:
/usr/include/c++/10/bits/ostream.tcc:119:5: note: candidate: ‘std::basic_ostream<_CharT, _Traits>& std::basic_ostream<_CharT, _Traits>::operator<<(std::basic_ostream<_CharT, _Traits>::__streambuf_type*) [with _CharT = char; _Traits = std::char_traits<char>; std::basic_ostream<_CharT, _Traits>::__streambuf_type = std::basic_streambuf<char>]’
  119 |     basic_ostream<_CharT, _Traits>::
      |     ^~~~~~~~~~~~~~~~~~~~~~~~~~~~~~
/home/fallen/Desktop/CSE-322/build/CMakeFiles/CMakeTmp/src.cxx:4:26: note: candidate: ‘std::ostream& operator<<(std::ostream&, std::nullptr_t)’
    4 |     inline std::ostream& operator << (std::ostream& os, std::nullptr_t ptr)
      |                          ^~~~~~~~
In file included from /usr/include/c++/10/ostream:784,
                 from /usr/include/c++/10/iostream:39,
                 from /home/fallen/Desktop/CSE-322/build/CMakeFiles/CMakeTmp/src.cxx:2:
/usr/include/c++/10/bits/ostream.tcc:321:5: note: candidate: ‘std::basic_ostream<_CharT, _Traits>& std::operator<<(std::basic_ostream<_CharT, _Traits>&, const char*) [with _CharT = char; _Traits = std::char_traits<char>]’
  321 |     operator<<(basic_ostream<_CharT, _Traits>& __out, const char* __s)
      |     ^~~~~~~~
In file included from /usr/include/c++/10/iostream:39,
                 from /home/fallen/Desktop/CSE-322/build/CMakeFiles/CMakeTmp/src.cxx:2:
/usr/include/c++/10/ostream:606:5: note: candidate: ‘std::basic_ostream<char, _Traits>& std::operator<<(std::basic_ostream<char, _Traits>&, const char*) [with _Traits = std::char_traits<char>]’
  606 |     operator<<(basic_ostream<char, _Traits>& __out, const char* __s)
      |     ^~~~~~~~
/usr/include/c++/10/ostream:619:5: note: candidate: ‘std::basic_ostream<char, _Traits>& std::operator<<(std::basic_ostream<char, _Traits>&, const signed char*) [with _Traits = std::char_traits<char>]’
  619 |     operator<<(basic_ostream<char, _Traits>& __out, const signed char* __s)
      |     ^~~~~~~~
/usr/include/c++/10/ostream:624:5: note: candidate: ‘std::basic_ostream<char, _Traits>& std::operator<<(std::basic_ostream<char, _Traits>&, const unsigned char*) [with _Traits = std::char_traits<char>]’
  624 |     operator<<(basic_ostream<char, _Traits>& __out, const unsigned char* __s)
      |     ^~~~~~~~
gmake[1]: *** [CMakeFiles/cmTC_4539e.dir/build.make:85: CMakeFiles/cmTC_4539e.dir/src.cxx.o] Error 1
gmake[1]: Leaving directory '/home/fallen/Desktop/CSE-322/build/CMakeFiles/CMakeTmp'
gmake: *** [Makefile:140: cmTC_4539e/fast] Error 2


Source file was:

    #include <iostream>
    #include <cstddef>
    inline std::ostream& operator << (std::ostream& os, std::nullptr_t ptr)
    {
      return os << "nullptr"; //whatever you want nullptr to show up as in the console
    }
    int main()
    {
        std::ostream os(NULL);
        os << std::nullptr_t();
        return 0;
    }
    
Performing C SOURCE FILE Test CMAKE_HAVE_LIBC_PTHREAD failed with the following output:
Change Dir: /home/fallen/Desktop/CSE-322/build/CMakeFiles/CMakeTmp

Run Build Command(s):/usr/bin/gmake cmTC_632c6/fast && /usr/bin/gmake  -f CMakeFiles/cmTC_632c6.dir/build.make CMakeFiles/cmTC_632c6.dir/build
gmake[1]: Entering directory '/home/fallen/Desktop/CSE-322/build/CMakeFiles/CMakeTmp'
Building C object CMakeFiles/cmTC_632c6.dir/src.c.o
/usr/bin/riscv64-linux-gnu-gcc   -DCMAKE_HAVE_LIBC_PTHREAD -fPIE -o CMakeFiles/cmTC_632c6.dir/src.c.o -c /home/fallen/Desktop/CSE-322/build/CMakeFiles/CMakeTmp/src.c
Linking C executable cmTC_632c6
/usr/bin/cmake -E cmake_link_script CMakeFiles/cmTC_632c6.dir/link.txt --verbose=1
/usr/bin/riscv64-linux-gnu-gcc  -DCMAKE_HAVE_LIBC_PTHREAD CMakeFiles/cmTC_632c6.dir/src.c.o -o cmTC_632c6 
/usr/lib/gcc-cross/riscv64-linux-gnu/10/../../../../riscv64-linux-gnu/bin/ld: CMakeFiles/cmTC_632c6.dir/src.c.o: in function `.L0 ':
src.c:(.text+0x30): undefined reference to `pthread_create'
/usr/lib/gcc-cross/riscv64-linux-gnu/10/../../../../riscv64-linux-gnu/bin/ld: src.c:(.text+0x3a): undefined reference to `pthread_detach'
/usr/lib/gcc-cross/riscv64-linux-gnu/10/../../../../riscv64-linux-gnu/bin/ld: src.c:(.text+0x44): undefined reference to `pthread_cancel'
/usr/lib/gcc-cross/riscv64-linux-gnu/10/../../../../riscv64-linux-gnu/bin/ld: src.c:(.text+0x50): undefined reference to `pthread_join'
collect2: error: ld returned 1 exit status
gmake[1]: *** [CMakeFiles/cmTC_632c6.dir/build.make:106: cmTC_632c6] Error 1
gmake[1]: Leaving directory '/home/fallen/Desktop/CSE-322/build/CMakeFiles/CMakeTmp'
gmake: *** [Makefile:140: cmTC_632c6/fast] Error 2


Source file was:
#include <pthread.h>

void* test_func(void* data)
{
  return data;
}

int main(void)
{
  pthread_t thread;
  pthread_create(&thread, NULL, test_func, NULL);
  pthread_detach(thread);
  pthread_cancel(thread);
  pthread_join(thread, NULL);
  pthread_atfork(NULL, NULL, NULL);
  pthread_exit(NULL);

  return 0;
}

Determining if the function pthread_create exists in the pthreads failed with the following output:
Change Dir: /home/fallen/Desktop/CSE-322/build/CMakeFiles/CMakeTmp

Run Build Command(s):/usr/bin/gmake cmTC_ccba5/fast && /usr/bin/gmake  -f CMakeFiles/cmTC_ccba5.dir/build.make CMakeFiles/cmTC_ccba5.dir/build
gmake[1]: Entering directory '/home/fallen/Desktop/CSE-322/build/CMakeFiles/CMakeTmp'
Building C object CMakeFiles/cmTC_ccba5.dir/CheckFunctionExists.c.o
/usr/bin/riscv64-linux-gnu-gcc   -DCHECK_FUNCTION_EXISTS=pthread_create -fPIE -o CMakeFiles/cmTC_ccba5.dir/CheckFunctionExists.c.o -c /usr/share/cmake-3.18/Modules/CheckFunctionExists.c
Linking C executable cmTC_ccba5
/usr/bin/cmake -E cmake_link_script CMakeFiles/cmTC_ccba5.dir/link.txt --verbose=1
/usr/bin/riscv64-linux-gnu-gcc  -DCHECK_FUNCTION_EXISTS=pthread_create CMakeFiles/cmTC_ccba5.dir/CheckFunctionExists.c.o -o cmTC_ccba5  -lpthreads 
/usr/lib/gcc-cross/riscv64-linux-gnu/10/../../../../riscv64-linux-gnu/bin/ld: cannot find -lpthreads
collect2: error: ld returned 1 exit status
gmake[1]: *** [CMakeFiles/cmTC_ccba5.dir/build.make:106: cmTC_ccba5] Error 1
gmake[1]: Leaving directory '/home/fallen/Desktop/CSE-322/build/CMakeFiles/CMakeTmp'
gmake: *** [Makefile:140: cmTC_ccba5/fast] Error 2



Performing C++ SOURCE FILE Test HAVE_UINT128_T failed with the following output:
Change Dir: /home/fallen/Desktop/CSE-322/build/CMakeFiles/CMakeTmp

Run Build Command(s):/usr/bin/gmake cmTC_93b04/fast && /usr/bin/gmake  -f CMakeFiles/cmTC_93b04.dir/build.make CMakeFiles/cmTC_93b04.dir/build
gmake[1]: Entering directory '/home/fallen/Desktop/CSE-322/build/CMakeFiles/CMakeTmp'
Building CXX object CMakeFiles/cmTC_93b04.dir/src.cxx.o
/usr/bin/c++   -DHAVE_UINT128_T -fPIE -std=c++17 -o CMakeFiles/cmTC_93b04.dir/src.cxx.o -c /home/fallen/Desktop/CSE-322/build/CMakeFiles/CMakeTmp/src.cxx
/home/fallen/Desktop/CSE-322/build/CMakeFiles/CMakeTmp/src.cxx: In function ‘int main()’:
/home/fallen/Desktop/CSE-322/build/CMakeFiles/CMakeTmp/src.cxx:4:18: error: ‘uint128_t’ was not declared in this scope; did you mean ‘uint32_t’?
    4 |             if ((uint128_t *) 0) return 0;
      |                  ^~~~~~~~~
      |                  uint32_t
/home/fallen/Desktop/CSE-322/build/CMakeFiles/CMakeTmp/src.cxx:4:29: error: expected primary-expression before ‘)’ token
    4 |             if ((uint128_t *) 0) return 0;
      |                             ^
/home/fallen/Desktop/CSE-322/build/CMakeFiles/CMakeTmp/src.cxx:4:30: error: expected ‘)’ before numeric constant
    4 |             if ((uint128_t *) 0) return 0;
      |                ~             ^~
      |                              )
/home/fallen/Desktop/CSE-322/build/CMakeFiles/CMakeTmp/src.cxx:5:25: error: ‘uint128_t’ was not declared in this scope; did you mean ‘uint32_t’?
    5 |             if (sizeof (uint128_t)) return 0;
      |                         ^~~~~~~~~
      |                         uint32_t
gmake[1]: *** [CMakeFiles/cmTC_93b04.dir/build.make:85: CMakeFiles/cmTC_93b04.dir/src.cxx.o] Error 1
gmake[1]: Leaving directory '/home/fallen/Desktop/CSE-322/build/CMakeFiles/CMakeTmp'
gmake: *** [Makefile:140: cmTC_93b04/fast] Error 2


Source file was:
#include <stdint.h>
       int main()
         {
            if ((uint128_t *) 0) return 0;
            if (sizeof (uint128_t)) return 0;
            return 1;
         }
Determining if files boost/units/quantity.hpp;boost/units/systems/si.hpp exist failed with the following output:
Change Dir: /home/fallen/Desktop/CSE-322/build/CMakeFiles/CMakeTmp

Run Build Command(s):/usr/bin/gmake cmTC_ee3fe/fast && /usr/bin/gmake  -f CMakeFiles/cmTC_ee3fe.dir/build.make CMakeFiles/cmTC_ee3fe.dir/build
gmake[1]: Entering directory '/home/fallen/Desktop/CSE-322/build/CMakeFiles/CMakeTmp'
Building CXX object CMakeFiles/cmTC_ee3fe.dir/HAVE_BOOST_UNITS.cpp.o
/usr/bin/c++   -fPIE -std=c++17 -o CMakeFiles/cmTC_ee3fe.dir/HAVE_BOOST_UNITS.cpp.o -c /home/fallen/Desktop/CSE-322/build/CMakeFiles/CheckIncludeFiles/HAVE_BOOST_UNITS.cpp
/home/fallen/Desktop/CSE-322/build/CMakeFiles/CheckIncludeFiles/HAVE_BOOST_UNITS.cpp:2:10: fatal error: boost/units/quantity.hpp: No such file or directory
    2 | #include <boost/units/quantity.hpp>
      |          ^~~~~~~~~~~~~~~~~~~~~~~~~~
compilation terminated.
gmake[1]: *** [CMakeFiles/cmTC_ee3fe.dir/build.make:85: CMakeFiles/cmTC_ee3fe.dir/HAVE_BOOST_UNITS.cpp.o] Error 1
gmake[1]: Leaving directory '/home/fallen/Desktop/CSE-322/build/CMakeFiles/CMakeTmp'
gmake: *** [Makefile:140: cmTC_ee3fe/fast] Error 2


Source:
/* */
#include <boost/units/quantity.hpp>
#include <boost/units/systems/si.hpp>


int main(void){return 0;}

Determining if the include file net/netmap_user.h exists failed with the following output:
Change Dir: /home/fallen/Desktop/CSE-322/build/CMakeFiles/CMakeTmp

Run Build Command(s):/usr/bin/gmake cmTC_88a36/fast && /usr/bin/gmake  -f CMakeFiles/cmTC_88a36.dir/build.make CMakeFiles/cmTC_88a36.dir/build
gmake[1]: Entering directory '/home/fallen/Desktop/CSE-322/build/CMakeFiles/CMakeTmp'
Building C object CMakeFiles/cmTC_88a36.dir/CheckIncludeFile.c.o
/usr/bin/riscv64-linux-gnu-gcc   -fPIE -o CMakeFiles/cmTC_88a36.dir/CheckIncludeFile.c.o -c /home/fallen/Desktop/CSE-322/build/CMakeFiles/CMakeTmp/CheckIncludeFile.c
/home/fallen/Desktop/CSE-322/build/CMakeFiles/CMakeTmp/CheckIncludeFile.c:1:10: fatal error: net/netmap_user.h: No such file or directory
    1 | #include <net/netmap_user.h>
      |          ^~~~~~~~~~~~~~~~~~~
compilation terminated.
gmake[1]: *** [CMakeFiles/cmTC_88a36.dir/build.make:85: CMakeFiles/cmTC_88a36.dir/CheckIncludeFile.c.o] Error 1
gmake[1]: Leaving directory '/home/fallen/Desktop/CSE-322/build/CMakeFiles/CMakeTmp'
gmake: *** [Makefile:140: cmTC_88a36/fast] Error 2



